<?xml version="1.0" encoding="UTF-8"?>
<!-- Generated by org.testng.reporters.JUnitXMLReporter -->
<testsuite hostname="Mrinmoys-MacBook-Pro.local" ignored="0" name="Default test" tests="4" failures="0" timestamp="01 Jun 2019 19:54:12 GMT" time="5.22" errors="0">
  <testcase name="addBook" time="3.206" classname="TestFramework.DynamicJson"/>
  <testcase name="addBook" time="0.678" classname="TestFramework.DynamicJson"/>
  <testcase name="addBook" time="0.709" classname="TestFramework.DynamicJson"/>
  <testcase name="deleteBook" time="0.559" classname="TestFramework.DynamicJson"/>
</testsuite> <!-- Default test -->
